# JRE version: OpenJDK Runtime Environment (8.0_112-b06) (build 1.8.0_112-release-b06)
# Java VM: OpenJDK 64-Bit Server VM (25.112-b06 mixed mode windows-amd64 compressed oops)
Heap:
 PSYoungGen      total 56320K, used 16127K [0x00000000e0000000, 0x00000000e3d80000, 0x0000000100000000)
  eden space 49664K, 27% used [0x00000000e0000000,0x00000000e0d75bf0,0x00000000e3080000)
  from space 6656K, 35% used [0x00000000e3080000,0x00000000e32ca3b0,0x00000000e3700000)
  to   space 6144K, 0% used [0x00000000e3780000,0x00000000e3780000,0x00000000e3d80000)
 ParOldGen       total 27648K, used 10785K [0x00000000a0000000, 0x00000000a1b00000, 0x00000000e0000000)
  object space 27648K, 39% used [0x00000000a0000000,0x00000000a0a886f0,0x00000000a1b00000)
 Metaspace       used 29108K, capacity 29504K, committed 29696K, reserved 1075200K
  class space    used 3946K, capacity 4077K, committed 4096K, reserved 1048576K
GC Heap History (10 events):
Event: 12.519 GC heap before
{Heap before GC invocations=8 (full 0):
 PSYoungGen      total 22528K, used 8215K [0x00000000e0000000, 0x00000000e2d00000, 0x0000000100000000)
  eden space 15872K, 14% used [0x00000000e0000000,0x00000000e024d0f8,0x00000000e0f80000)
  from space 6656K, 88% used [0x00000000e0f80000,0x00000000e1538e40,0x00000000e1600000)
  to   space 7168K, 0% used [0x00000000e2600000,0x00000000e2600000,0x00000000e2d00000)
 ParOldGen       total 44032K, used 7229K [0x00000000a0000000, 0x00000000a2b00000, 0x00000000e0000000)
  object space 44032K, 16% used [0x00000000a0000000,0x00000000a070f6f0,0x00000000a2b00000)
 Metaspace       used 20824K, capacity 21100K, committed 21296K, reserved 1067008K
  class space    used 2751K, capacity 2865K, committed 2944K, reserved 1048576K
Event: 12.532 GC heap after
Heap after GC invocations=8 (full 0):
 PSYoungGen      total 37888K, used 4203K [0x00000000e0000000, 0x00000000e2c00000, 0x0000000100000000)
  eden space 31744K, 0% used [0x00000000e0000000,0x00000000e0000000,0x00000000e1f00000)
  from space 6144K, 68% used [0x00000000e2600000,0x00000000e2a1afc0,0x00000000e2c00000)
  to   space 6656K, 0% used [0x00000000e1f00000,0x00000000e1f00000,0x00000000e2580000)
 ParOldGen       total 44032K, used 8317K [0x00000000a0000000, 0x00000000a2b00000, 0x00000000e0000000)
  object space 44032K, 18% used [0x00000000a0000000,0x00000000a081f780,0x00000000a2b00000)
 Metaspace       used 20824K, capacity 21100K, committed 21296K, reserved 1067008K
  class space    used 2751K, capacity 2865K, committed 2944K, reserved 1048576K
}
Event: 12.532 GC heap before
{Heap before GC invocations=9 (full 1):
 PSYoungGen      total 37888K, used 4203K [0x00000000e0000000, 0x00000000e2c00000, 0x0000000100000000)
  eden space 31744K, 0% used [0x00000000e0000000,0x00000000e0000000,0x00000000e1f00000)
  from space 6144K, 68% used [0x00000000e2600000,0x00000000e2a1afc0,0x00000000e2c00000)
  to   space 6656K, 0% used [0x00000000e1f00000,0x00000000e1f00000,0x00000000e2580000)
 ParOldGen       total 44032K, used 8317K [0x00000000a0000000, 0x00000000a2b00000, 0x00000000e0000000)
  object space 44032K, 18% used [0x00000000a0000000,0x00000000a081f780,0x00000000a2b00000)
 Metaspace       used 20824K, capacity 21100K, committed 21296K, reserved 1067008K
  class space    used 2751K, capacity 2865K, committed 2944K, reserved 1048576K
Event: 12.608 GC heap after
Heap after GC invocations=9 (full 1):
 PSYoungGen      total 37888K, used 0K [0x00000000e0000000, 0x00000000e2c00000, 0x0000000100000000)
  eden space 31744K, 0% used [0x00000000e0000000,0x00000000e0000000,0x00000000e1f00000)
  from space 6144K, 0% used [0x00000000e2600000,0x00000000e2600000,0x00000000e2c00000)
  to   space 6656K, 0% used [0x00000000e1f00000,0x00000000e1f00000,0x00000000e2580000)
 ParOldGen       total 27648K, used 7484K [0x00000000a0000000, 0x00000000a1b00000, 0x00000000e0000000)
  object space 27648K, 27% used [0x00000000a0000000,0x00000000a074f390,0x00000000a1b00000)
 Metaspace       used 20824K, capacity 21100K, committed 21296K, reserved 1067008K
  class space    used 2751K, capacity 2865K, committed 2944K, reserved 1048576K
}
Event: 13.835 GC heap before
{Heap before GC invocations=10 (full 1):
 PSYoungGen      total 37888K, used 31744K [0x00000000e0000000, 0x00000000e2c00000, 0x0000000100000000)
  eden space 31744K, 100% used [0x00000000e0000000,0x00000000e1f00000,0x00000000e1f00000)
  from space 6144K, 0% used [0x00000000e2600000,0x00000000e2600000,0x00000000e2c00000)
  to   space 6656K, 0% used [0x00000000e1f00000,0x00000000e1f00000,0x00000000e2580000)
 ParOldGen       total 27648K, used 7484K [0x00000000a0000000, 0x00000000a1b00000, 0x00000000e0000000)
  object space 27648K, 27% used [0x00000000a0000000,0x00000000a074f390,0x00000000a1b00000)
 Metaspace       used 23609K, capacity 23946K, committed 24064K, reserved 1071104K
  class space    used 3182K, capacity 3294K, committed 3328K, reserved 1048576K
Event: 13.845 GC heap after
Heap after GC invocations=10 (full 1):
 PSYoungGen      total 38400K, used 4589K [0x00000000e0000000, 0x00000000e3e00000, 0x0000000100000000)
  eden space 31744K, 0% used [0x00000000e0000000,0x00000000e0000000,0x00000000e1f00000)
  from space 6656K, 68% used [0x00000000e1f00000,0x00000000e237b5b0,0x00000000e2580000)
  to   space 6656K, 0% used [0x00000000e3780000,0x00000000e3780000,0x00000000e3e00000)
 ParOldGen       total 27648K, used 7492K [0x00000000a0000000, 0x00000000a1b00000, 0x00000000e0000000)
  object space 27648K, 27% used [0x00000000a0000000,0x00000000a0751390,0x00000000a1b00000)
 Metaspace       used 23609K, capacity 23946K, committed 24064K, reserved 1071104K
  class space    used 3182K, capacity 3294K, committed 3328K, reserved 1048576K
}
Event: 14.843 GC heap before
{Heap before GC invocations=11 (full 1):
 PSYoungGen      total 38400K, used 36333K [0x00000000e0000000, 0x00000000e3e00000, 0x0000000100000000)
  eden space 31744K, 100% used [0x00000000e0000000,0x00000000e1f00000,0x00000000e1f00000)
  from space 6656K, 68% used [0x00000000e1f00000,0x00000000e237b5b0,0x00000000e2580000)
  to   space 6656K, 0% used [0x00000000e3780000,0x00000000e3780000,0x00000000e3e00000)
 ParOldGen       total 27648K, used 7492K [0x00000000a0000000, 0x00000000a1b00000, 0x00000000e0000000)
  object space 27648K, 27% used [0x00000000a0000000,0x00000000a0751390,0x00000000a1b00000)
 Metaspace       used 25832K, capacity 26240K, committed 26496K, reserved 1073152K
  class space    used 3563K, capacity 3693K, committed 3712K, reserved 1048576K
Event: 14.855 GC heap after
Heap after GC invocations=11 (full 1):
 PSYoungGen      total 55808K, used 5172K [0x00000000e0000000, 0x00000000e3d80000, 0x0000000100000000)
  eden space 49664K, 0% used [0x00000000e0000000,0x00000000e0000000,0x00000000e3080000)
  from space 6144K, 84% used [0x00000000e3780000,0x00000000e3c8d0f0,0x00000000e3d80000)
  to   space 6656K, 0% used [0x00000000e3080000,0x00000000e3080000,0x00000000e3700000)
 ParOldGen       total 27648K, used 7500K [0x00000000a0000000, 0x00000000a1b00000, 0x00000000e0000000)
  object space 27648K, 27% used [0x00000000a0000000,0x00000000a0753390,0x00000000a1b00000)
 Metaspace       used 25832K, capacity 26240K, committed 26496K, reserved 1073152K
  class space    used 3563K, capacity 3693K, committed 3712K, reserved 1048576K
}
Event: 18.078 GC heap before
{Heap before GC invocations=12 (full 1):
 PSYoungGen      total 55808K, used 54836K [0x00000000e0000000, 0x00000000e3d80000, 0x0000000100000000)
  eden space 49664K, 100% used [0x00000000e0000000,0x00000000e3080000,0x00000000e3080000)
  from space 6144K, 84% used [0x00000000e3780000,0x00000000e3c8d0f0,0x00000000e3d80000)
  to   space 6656K, 0% used [0x00000000e3080000,0x00000000e3080000,0x00000000e3700000)
 ParOldGen       total 27648K, used 7500K [0x00000000a0000000, 0x00000000a1b00000, 0x00000000e0000000)
  object space 27648K, 27% used [0x00000000a0000000,0x00000000a0753390,0x00000000a1b00000)
 Metaspace       used 28778K, capacity 29152K, committed 29440K, reserved 1075200K
  class space    used 3901K, capacity 4045K, committed 4096K, reserved 1048576K
Event: 18.110 GC heap after
Heap after GC invocations=12 (full 1):
 PSYoungGen      total 56320K, used 2344K [0x00000000e0000000, 0x00000000e3d80000, 0x0000000100000000)
  eden space 49664K, 0% used [0x00000000e0000000,0x00000000e0000000,0x00000000e3080000)
  from space 6656K, 35% used [0x00000000e3080000,0x00000000e32ca3b0,0x00000000e3700000)
  to   space 6144K, 0% used [0x00000000e3780000,0x00000000e3780000,0x00000000e3d80000)
 ParOldGen       total 27648K, used 10785K [0x00000000a0000000, 0x00000000a1b00000, 0x00000000e0000000)
  object space 27648K, 39% used [0x00000000a0000000,0x00000000a0a886f0,0x00000000a1b00000)
 Metaspace       used 28778K, capacity 29152K, committed 29440K, reserved 1075200K
  class space    used 3901K, capacity 4045K, committed 4096K, reserved 1048576K
}

