# JRE version: OpenJDK Runtime Environment (8.0_112-b06) (build 1.8.0_112-release-b06)
# Java VM: OpenJDK 64-Bit Server VM (25.112-b06 mixed mode windows-amd64 compressed oops)
Heap:
 PSYoungGen      total 102912K, used 59427K [0x00000000e0000000, 0x00000000e7180000, 0x0000000100000000)
  eden space 96256K, 54% used [0x00000000e0000000,0x00000000e338e9f8,0x00000000e5e00000)
  from space 6656K, 99% used [0x00000000e6b00000,0x00000000e717a570,0x00000000e7180000)
  to   space 9728K, 0% used [0x00000000e5e80000,0x00000000e5e80000,0x00000000e6800000)
 ParOldGen       total 37376K, used 20946K [0x00000000a0000000, 0x00000000a2480000, 0x00000000e0000000)
  object space 37376K, 56% used [0x00000000a0000000,0x00000000a1474b78,0x00000000a2480000)
 Metaspace       used 43767K, capacity 44678K, committed 44800K, reserved 1087488K
  class space    used 5824K, capacity 6036K, committed 6144K, reserved 1048576K
GC Heap History (10 events):
Event: 6.081 GC heap before
{Heap before GC invocations=8 (full 1):
 PSYoungGen      total 72192K, used 64512K [0x00000000e0000000, 0x00000000e5100000, 0x0000000100000000)
  eden space 64512K, 100% used [0x00000000e0000000,0x00000000e3f00000,0x00000000e3f00000)
  from space 7680K, 0% used [0x00000000e4780000,0x00000000e4780000,0x00000000e4f00000)
  to   space 8704K, 0% used [0x00000000e3f00000,0x00000000e3f00000,0x00000000e4780000)
 ParOldGen       total 37376K, used 8927K [0x00000000a0000000, 0x00000000a2480000, 0x00000000e0000000)
  object space 37376K, 23% used [0x00000000a0000000,0x00000000a08b7c48,0x00000000a2480000)
 Metaspace       used 25823K, capacity 26176K, committed 26496K, reserved 1073152K
  class space    used 3563K, capacity 3693K, committed 3712K, reserved 1048576K
Event: 6.106 GC heap after
Heap after GC invocations=8 (full 1):
 PSYoungGen      total 73216K, used 7791K [0x00000000e0000000, 0x00000000e7480000, 0x0000000100000000)
  eden space 64512K, 0% used [0x00000000e0000000,0x00000000e0000000,0x00000000e3f00000)
  from space 8704K, 89% used [0x00000000e3f00000,0x00000000e469bca8,0x00000000e4780000)
  to   space 9728K, 0% used [0x00000000e6b00000,0x00000000e6b00000,0x00000000e7480000)
 ParOldGen       total 37376K, used 8927K [0x00000000a0000000, 0x00000000a2480000, 0x00000000e0000000)
  object space 37376K, 23% used [0x00000000a0000000,0x00000000a08b7c48,0x00000000a2480000)
 Metaspace       used 25823K, capacity 26176K, committed 26496K, reserved 1073152K
  class space    used 3563K, capacity 3693K, committed 3712K, reserved 1048576K
}
Event: 10.708 GC heap before
{Heap before GC invocations=9 (full 1):
 PSYoungGen      total 73216K, used 72303K [0x00000000e0000000, 0x00000000e7480000, 0x0000000100000000)
  eden space 64512K, 100% used [0x00000000e0000000,0x00000000e3f00000,0x00000000e3f00000)
  from space 8704K, 89% used [0x00000000e3f00000,0x00000000e469bca8,0x00000000e4780000)
  to   space 9728K, 0% used [0x00000000e6b00000,0x00000000e6b00000,0x00000000e7480000)
 ParOldGen       total 37376K, used 8927K [0x00000000a0000000, 0x00000000a2480000, 0x00000000e0000000)
  object space 37376K, 23% used [0x00000000a0000000,0x00000000a08b7c48,0x00000000a2480000)
 Metaspace       used 29125K, capacity 29568K, committed 29696K, reserved 1075200K
  class space    used 3940K, capacity 4077K, committed 4096K, reserved 1048576K
Event: 10.724 GC heap after
Heap after GC invocations=9 (full 1):
 PSYoungGen      total 102912K, used 6313K [0x00000000e0000000, 0x00000000e7180000, 0x0000000100000000)
  eden space 96256K, 0% used [0x00000000e0000000,0x00000000e0000000,0x00000000e5e00000)
  from space 6656K, 94% used [0x00000000e6b00000,0x00000000e712a7b0,0x00000000e7180000)
  to   space 9728K, 0% used [0x00000000e5e80000,0x00000000e5e80000,0x00000000e6800000)
 ParOldGen       total 37376K, used 8935K [0x00000000a0000000, 0x00000000a2480000, 0x00000000e0000000)
  object space 37376K, 23% used [0x00000000a0000000,0x00000000a08b9c48,0x00000000a2480000)
 Metaspace       used 29125K, capacity 29568K, committed 29696K, reserved 1075200K
  class space    used 3940K, capacity 4077K, committed 4096K, reserved 1048576K
}
Event: 13.167 GC heap before
{Heap before GC invocations=10 (full 1):
 PSYoungGen      total 102912K, used 80836K [0x00000000e0000000, 0x00000000e7180000, 0x0000000100000000)
  eden space 96256K, 77% used [0x00000000e0000000,0x00000000e48c6a30,0x00000000e5e00000)
  from space 6656K, 94% used [0x00000000e6b00000,0x00000000e712a7b0,0x00000000e7180000)
  to   space 9728K, 0% used [0x00000000e5e80000,0x00000000e5e80000,0x00000000e6800000)
 ParOldGen       total 37376K, used 8935K [0x00000000a0000000, 0x00000000a2480000, 0x00000000e0000000)
  object space 37376K, 23% used [0x00000000a0000000,0x00000000a08b9c48,0x00000000a2480000)
 Metaspace       used 34835K, capacity 35382K, committed 35496K, reserved 1079296K
  class space    used 4660K, capacity 4847K, committed 4864K, reserved 1048576K
Event: 13.197 GC heap after
Heap after GC invocations=10 (full 1):
 PSYoungGen      total 105984K, used 9720K [0x00000000e0000000, 0x00000000e7180000, 0x0000000100000000)
  eden space 96256K, 0% used [0x00000000e0000000,0x00000000e0000000,0x00000000e5e00000)
  from space 9728K, 99% used [0x00000000e5e80000,0x00000000e67fe080,0x00000000e6800000)
  to   space 6656K, 0% used [0x00000000e6b00000,0x00000000e6b00000,0x00000000e7180000)
 ParOldGen       total 37376K, used 10993K [0x00000000a0000000, 0x00000000a2480000, 0x00000000e0000000)
  object space 37376K, 29% used [0x00000000a0000000,0x00000000a0abc680,0x00000000a2480000)
 Metaspace       used 34835K, capacity 35382K, committed 35496K, reserved 1079296K
  class space    used 4660K, capacity 4847K, committed 4864K, reserved 1048576K
}
Event: 13.197 GC heap before
{Heap before GC invocations=11 (full 2):
 PSYoungGen      total 105984K, used 9720K [0x00000000e0000000, 0x00000000e7180000, 0x0000000100000000)
  eden space 96256K, 0% used [0x00000000e0000000,0x00000000e0000000,0x00000000e5e00000)
  from space 9728K, 99% used [0x00000000e5e80000,0x00000000e67fe080,0x00000000e6800000)
  to   space 6656K, 0% used [0x00000000e6b00000,0x00000000e6b00000,0x00000000e7180000)
 ParOldGen       total 37376K, used 10993K [0x00000000a0000000, 0x00000000a2480000, 0x00000000e0000000)
  object space 37376K, 29% used [0x00000000a0000000,0x00000000a0abc680,0x00000000a2480000)
 Metaspace       used 34835K, capacity 35382K, committed 35496K, reserved 1079296K
  class space    used 4660K, capacity 4847K, committed 4864K, reserved 1048576K
Event: 13.350 GC heap after
Heap after GC invocations=11 (full 2):
 PSYoungGen      total 105984K, used 0K [0x00000000e0000000, 0x00000000e7180000, 0x0000000100000000)
  eden space 96256K, 0% used [0x00000000e0000000,0x00000000e0000000,0x00000000e5e00000)
  from space 9728K, 0% used [0x00000000e5e80000,0x00000000e5e80000,0x00000000e6800000)
  to   space 6656K, 0% used [0x00000000e6b00000,0x00000000e6b00000,0x00000000e7180000)
 ParOldGen       total 37376K, used 17829K [0x00000000a0000000, 0x00000000a2480000, 0x00000000e0000000)
  object space 37376K, 47% used [0x00000000a0000000,0x00000000a1169410,0x00000000a2480000)
 Metaspace       used 34835K, capacity 35382K, committed 35496K, reserved 1079296K
  class space    used 4660K, capacity 4847K, committed 4864K, reserved 1048576K
}
Event: 16.400 GC heap before
{Heap before GC invocations=12 (full 2):
 PSYoungGen      total 105984K, used 96256K [0x00000000e0000000, 0x00000000e7180000, 0x0000000100000000)
  eden space 96256K, 100% used [0x00000000e0000000,0x00000000e5e00000,0x00000000e5e00000)
  from space 9728K, 0% used [0x00000000e5e80000,0x00000000e5e80000,0x00000000e6800000)
  to   space 6656K, 0% used [0x00000000e6b00000,0x00000000e6b00000,0x00000000e7180000)
 ParOldGen       total 37376K, used 17829K [0x00000000a0000000, 0x00000000a2480000, 0x00000000e0000000)
  object space 37376K, 47% used [0x00000000a0000000,0x00000000a1169410,0x00000000a2480000)
 Metaspace       used 42137K, capacity 42870K, committed 43008K, reserved 1087488K
  class space    used 5638K, capacity 5848K, committed 5888K, reserved 1048576K
Event: 16.415 GC heap after
Heap after GC invocations=12 (full 2):
 PSYoungGen      total 102912K, used 6633K [0x00000000e0000000, 0x00000000e7180000, 0x0000000100000000)
  eden space 96256K, 0% used [0x00000000e0000000,0x00000000e0000000,0x00000000e5e00000)
  from space 6656K, 99% used [0x00000000e6b00000,0x00000000e717a570,0x00000000e7180000)
  to   space 9728K, 0% used [0x00000000e5e80000,0x00000000e5e80000,0x00000000e6800000)
 ParOldGen       total 37376K, used 20946K [0x00000000a0000000, 0x00000000a2480000, 0x00000000e0000000)
  object space 37376K, 56% used [0x00000000a0000000,0x00000000a1474b78,0x00000000a2480000)
 Metaspace       used 42137K, capacity 42870K, committed 43008K, reserved 1087488K
  class space    used 5638K, capacity 5848K, committed 5888K, reserved 1048576K
}

