# JRE version: OpenJDK Runtime Environment (8.0_112-b06) (build 1.8.0_112-release-b06)
# Java VM: OpenJDK 64-Bit Server VM (25.112-b06 mixed mode windows-amd64 compressed oops)
Heap:
 PSYoungGen      total 131072K, used 22675K [0x00000000e0000000, 0x00000000e9800000, 0x0000000100000000)
  eden space 110592K, 10% used [0x00000000e0000000,0x00000000e0b79e40,0x00000000e6c00000)
  from space 20480K, 53% used [0x00000000e8400000,0x00000000e8eaaf90,0x00000000e9800000)
  to   space 22528K, 0% used [0x00000000e6c00000,0x00000000e6c00000,0x00000000e8200000)
 ParOldGen       total 101376K, used 42868K [0x00000000a0000000, 0x00000000a6300000, 0x00000000e0000000)
  object space 101376K, 42% used [0x00000000a0000000,0x00000000a29dd328,0x00000000a6300000)
 Metaspace       used 58012K, capacity 60520K, committed 60800K, reserved 1101824K
  class space    used 7782K, capacity 8307K, committed 8320K, reserved 1048576K
GC Heap History (10 events):
Event: 16.061 GC heap before
{Heap before GC invocations=17 (full 2):
 PSYoungGen      total 112640K, used 112624K [0x00000000e0000000, 0x00000000e8280000, 0x0000000100000000)
  eden space 100352K, 100% used [0x00000000e0000000,0x00000000e6200000,0x00000000e6200000)
  from space 12288K, 99% used [0x00000000e7100000,0x00000000e7cfc000,0x00000000e7d00000)
  to   space 15360K, 0% used [0x00000000e6200000,0x00000000e6200000,0x00000000e7100000)
 ParOldGen       total 58368K, used 20542K [0x00000000a0000000, 0x00000000a3900000, 0x00000000e0000000)
  object space 58368K, 35% used [0x00000000a0000000,0x00000000a140fa98,0x00000000a3900000)
 Metaspace       used 50541K, capacity 52376K, committed 52480K, reserved 1093632K
  class space    used 6961K, capacity 7389K, committed 7424K, reserved 1048576K
Event: 16.106 GC heap after
Heap after GC invocations=17 (full 2):
 PSYoungGen      total 115712K, used 15359K [0x00000000e0000000, 0x00000000e8280000, 0x0000000100000000)
  eden space 100352K, 0% used [0x00000000e0000000,0x00000000e0000000,0x00000000e6200000)
  from space 15360K, 99% used [0x00000000e6200000,0x00000000e70ffff0,0x00000000e7100000)
  to   space 12288K, 0% used [0x00000000e7100000,0x00000000e7100000,0x00000000e7d00000)
 ParOldGen       total 58368K, used 29764K [0x00000000a0000000, 0x00000000a3900000, 0x00000000e0000000)
  object space 58368K, 50% used [0x00000000a0000000,0x00000000a1d112d0,0x00000000a3900000)
 Metaspace       used 50541K, capacity 52376K, committed 52480K, reserved 1093632K
  class space    used 6961K, capacity 7389K, committed 7424K, reserved 1048576K
}
Event: 88.412 GC heap before
{Heap before GC invocations=18 (full 2):
 PSYoungGen      total 115712K, used 115711K [0x00000000e0000000, 0x00000000e8280000, 0x0000000100000000)
  eden space 100352K, 100% used [0x00000000e0000000,0x00000000e6200000,0x00000000e6200000)
  from space 15360K, 99% used [0x00000000e6200000,0x00000000e70ffff0,0x00000000e7100000)
  to   space 12288K, 0% used [0x00000000e7100000,0x00000000e7100000,0x00000000e7d00000)
 ParOldGen       total 58368K, used 29764K [0x00000000a0000000, 0x00000000a3900000, 0x00000000e0000000)
  object space 58368K, 50% used [0x00000000a0000000,0x00000000a1d112d0,0x00000000a3900000)
 Metaspace       used 53824K, capacity 56224K, committed 56576K, reserved 1097728K
  class space    used 7311K, capacity 7815K, committed 7936K, reserved 1048576K
Event: 88.473 GC heap after
Heap after GC invocations=18 (full 2):
 PSYoungGen      total 102912K, used 12285K [0x00000000e0000000, 0x00000000eaf80000, 0x0000000100000000)
  eden space 90624K, 0% used [0x00000000e0000000,0x00000000e0000000,0x00000000e5880000)
  from space 12288K, 99% used [0x00000000e7100000,0x00000000e7cff698,0x00000000e7d00000)
  to   space 25088K, 0% used [0x00000000e5880000,0x00000000e5880000,0x00000000e7100000)
 ParOldGen       total 58368K, used 40977K [0x00000000a0000000, 0x00000000a3900000, 0x00000000e0000000)
  object space 58368K, 70% used [0x00000000a0000000,0x00000000a28044c8,0x00000000a3900000)
 Metaspace       used 53824K, capacity 56224K, committed 56576K, reserved 1097728K
  class space    used 7311K, capacity 7815K, committed 7936K, reserved 1048576K
}
Event: 99.010 GC heap before
{Heap before GC invocations=19 (full 2):
 PSYoungGen      total 102912K, used 102909K [0x00000000e0000000, 0x00000000eaf80000, 0x0000000100000000)
  eden space 90624K, 100% used [0x00000000e0000000,0x00000000e5880000,0x00000000e5880000)
  from space 12288K, 99% used [0x00000000e7100000,0x00000000e7cff698,0x00000000e7d00000)
  to   space 25088K, 0% used [0x00000000e5880000,0x00000000e5880000,0x00000000e7100000)
 ParOldGen       total 58368K, used 40977K [0x00000000a0000000, 0x00000000a3900000, 0x00000000e0000000)
  object space 58368K, 70% used [0x00000000a0000000,0x00000000a28044c8,0x00000000a3900000)
 Metaspace       used 54967K, capacity 57420K, committed 57600K, reserved 1099776K
  class space    used 7418K, capacity 7921K, committed 7936K, reserved 1048576K
Event: 99.407 GC heap after
Heap after GC invocations=19 (full 2):
 PSYoungGen      total 115712K, used 9851K [0x00000000e0000000, 0x00000000e9b00000, 0x0000000100000000)
  eden space 90624K, 0% used [0x00000000e0000000,0x00000000e0000000,0x00000000e5880000)
  from space 25088K, 39% used [0x00000000e5880000,0x00000000e621ed10,0x00000000e7100000)
  to   space 23552K, 0% used [0x00000000e8400000,0x00000000e8400000,0x00000000e9b00000)
 ParOldGen       total 58368K, used 49005K [0x00000000a0000000, 0x00000000a3900000, 0x00000000e0000000)
  object space 58368K, 83% used [0x00000000a0000000,0x00000000a2fdb520,0x00000000a3900000)
 Metaspace       used 54967K, capacity 57420K, committed 57600K, reserved 1099776K
  class space    used 7418K, capacity 7921K, committed 7936K, reserved 1048576K
}
Event: 99.407 GC heap before
{Heap before GC invocations=20 (full 3):
 PSYoungGen      total 115712K, used 9851K [0x00000000e0000000, 0x00000000e9b00000, 0x0000000100000000)
  eden space 90624K, 0% used [0x00000000e0000000,0x00000000e0000000,0x00000000e5880000)
  from space 25088K, 39% used [0x00000000e5880000,0x00000000e621ed10,0x00000000e7100000)
  to   space 23552K, 0% used [0x00000000e8400000,0x00000000e8400000,0x00000000e9b00000)
 ParOldGen       total 58368K, used 49005K [0x00000000a0000000, 0x00000000a3900000, 0x00000000e0000000)
  object space 58368K, 83% used [0x00000000a0000000,0x00000000a2fdb520,0x00000000a3900000)
 Metaspace       used 54967K, capacity 57420K, committed 57600K, reserved 1099776K
  class space    used 7418K, capacity 7921K, committed 7936K, reserved 1048576K
Event: 100.388 GC heap after
Heap after GC invocations=20 (full 3):
 PSYoungGen      total 115712K, used 0K [0x00000000e0000000, 0x00000000e9b00000, 0x0000000100000000)
  eden space 90624K, 0% used [0x00000000e0000000,0x00000000e0000000,0x00000000e5880000)
  from space 25088K, 0% used [0x00000000e5880000,0x00000000e5880000,0x00000000e7100000)
  to   space 23552K, 0% used [0x00000000e8400000,0x00000000e8400000,0x00000000e9b00000)
 ParOldGen       total 101376K, used 42860K [0x00000000a0000000, 0x00000000a6300000, 0x00000000e0000000)
  object space 101376K, 42% used [0x00000000a0000000,0x00000000a29db328,0x00000000a6300000)
 Metaspace       used 54967K, capacity 57420K, committed 57600K, reserved 1099776K
  class space    used 7418K, capacity 7921K, committed 7936K, reserved 1048576K
}
Event: 105.089 GC heap before
{Heap before GC invocations=21 (full 3):
 PSYoungGen      total 115712K, used 90624K [0x00000000e0000000, 0x00000000e9b00000, 0x0000000100000000)
  eden space 90624K, 100% used [0x00000000e0000000,0x00000000e5880000,0x00000000e5880000)
  from space 25088K, 0% used [0x00000000e5880000,0x00000000e5880000,0x00000000e7100000)
  to   space 23552K, 0% used [0x00000000e8400000,0x00000000e8400000,0x00000000e9b00000)
 ParOldGen       total 101376K, used 42860K [0x00000000a0000000, 0x00000000a6300000, 0x00000000e0000000)
  object space 101376K, 42% used [0x00000000a0000000,0x00000000a29db328,0x00000000a6300000)
 Metaspace       used 57975K, capacity 60456K, committed 60544K, reserved 1101824K
  class space    used 7782K, capacity 8307K, committed 8320K, reserved 1048576K
Event: 105.116 GC heap after
Heap after GC invocations=21 (full 3):
 PSYoungGen      total 131072K, used 10923K [0x00000000e0000000, 0x00000000e9800000, 0x0000000100000000)
  eden space 110592K, 0% used [0x00000000e0000000,0x00000000e0000000,0x00000000e6c00000)
  from space 20480K, 53% used [0x00000000e8400000,0x00000000e8eaaf90,0x00000000e9800000)
  to   space 22528K, 0% used [0x00000000e6c00000,0x00000000e6c00000,0x00000000e8200000)
 ParOldGen       total 101376K, used 42868K [0x00000000a0000000, 0x00000000a6300000, 0x00000000e0000000)
  object space 101376K, 42% used [0x00000000a0000000,0x00000000a29dd328,0x00000000a6300000)
 Metaspace       used 57975K, capacity 60456K, committed 60544K, reserved 1101824K
  class space    used 7782K, capacity 8307K, committed 8320K, reserved 1048576K
}

