# JRE version: OpenJDK Runtime Environment (8.0_112-b06) (build 1.8.0_112-release-b06)
# Java VM: OpenJDK 64-Bit Server VM (25.112-b06 mixed mode windows-amd64 compressed oops)
Heap:
 PSYoungGen      total 138752K, used 43059K [0x00000000e0000000, 0x00000000ea080000, 0x0000000100000000)
  eden space 133632K, 28% used [0x00000000e0000000,0x00000000e25245a0,0x00000000e8280000)
  from space 5120K, 98% used [0x00000000e8780000,0x00000000e8c686a8,0x00000000e8c80000)
  to   space 15360K, 0% used [0x00000000e9180000,0x00000000e9180000,0x00000000ea080000)
 ParOldGen       total 93184K, used 45897K [0x00000000a0000000, 0x00000000a5b00000, 0x00000000e0000000)
  object space 93184K, 49% used [0x00000000a0000000,0x00000000a2cd2418,0x00000000a5b00000)
 Metaspace       used 59238K, capacity 61784K, committed 62080K, reserved 1103872K
  class space    used 7945K, capacity 8487K, committed 8576K, reserved 1048576K
GC Heap History (10 events):
Event: 23.791 GC heap before
{Heap before GC invocations=18 (full 2):
 PSYoungGen      total 97280K, used 95204K [0x00000000e0000000, 0x00000000e8580000, 0x0000000100000000)
  eden space 89600K, 100% used [0x00000000e0000000,0x00000000e5780000,0x00000000e5780000)
  from space 7680K, 72% used [0x00000000e5780000,0x00000000e5cf9068,0x00000000e5f00000)
  to   space 8192K, 0% used [0x00000000e7d80000,0x00000000e7d80000,0x00000000e8580000)
 ParOldGen       total 45568K, used 20561K [0x00000000a0000000, 0x00000000a2c80000, 0x00000000e0000000)
  object space 45568K, 45% used [0x00000000a0000000,0x00000000a1414708,0x00000000a2c80000)
 Metaspace       used 47964K, capacity 49494K, committed 49664K, reserved 1091584K
  class space    used 6506K, capacity 6885K, committed 6912K, reserved 1048576K
Event: 23.816 GC heap after
Heap after GC invocations=18 (full 2):
 PSYoungGen      total 125952K, used 8176K [0x00000000e0000000, 0x00000000e8700000, 0x0000000100000000)
  eden space 117760K, 0% used [0x00000000e0000000,0x00000000e0000000,0x00000000e7300000)
  from space 8192K, 99% used [0x00000000e7d80000,0x00000000e857c1f0,0x00000000e8580000)
  to   space 10240K, 0% used [0x00000000e7300000,0x00000000e7300000,0x00000000e7d00000)
 ParOldGen       total 45568K, used 24372K [0x00000000a0000000, 0x00000000a2c80000, 0x00000000e0000000)
  object space 45568K, 53% used [0x00000000a0000000,0x00000000a17cd3e8,0x00000000a2c80000)
 Metaspace       used 47964K, capacity 49494K, committed 49664K, reserved 1091584K
  class space    used 6506K, capacity 6885K, committed 6912K, reserved 1048576K
}
Event: 27.924 GC heap before
{Heap before GC invocations=19 (full 2):
 PSYoungGen      total 125952K, used 125936K [0x00000000e0000000, 0x00000000e8700000, 0x0000000100000000)
  eden space 117760K, 100% used [0x00000000e0000000,0x00000000e7300000,0x00000000e7300000)
  from space 8192K, 99% used [0x00000000e7d80000,0x00000000e857c1f0,0x00000000e8580000)
  to   space 10240K, 0% used [0x00000000e7300000,0x00000000e7300000,0x00000000e7d00000)
 ParOldGen       total 45568K, used 24372K [0x00000000a0000000, 0x00000000a2c80000, 0x00000000e0000000)
  object space 45568K, 53% used [0x00000000a0000000,0x00000000a17cd3e8,0x00000000a2c80000)
 Metaspace       used 50855K, capacity 52890K, committed 53120K, reserved 1095680K
  class space    used 7031K, capacity 7463K, committed 7552K, reserved 1048576K
Event: 27.975 GC heap after
Heap after GC invocations=19 (full 2):
 PSYoungGen      total 128000K, used 10240K [0x00000000e0000000, 0x00000000ea980000, 0x0000000100000000)
  eden space 117760K, 0% used [0x00000000e0000000,0x00000000e0000000,0x00000000e7300000)
  from space 10240K, 100% used [0x00000000e7300000,0x00000000e7d00000,0x00000000e7d00000)
  to   space 15872K, 0% used [0x00000000e9a00000,0x00000000e9a00000,0x00000000ea980000)
 ParOldGen       total 45568K, used 35507K [0x00000000a0000000, 0x00000000a2c80000, 0x00000000e0000000)
  object space 45568K, 77% used [0x00000000a0000000,0x00000000a22acda8,0x00000000a2c80000)
 Metaspace       used 50855K, capacity 52890K, committed 53120K, reserved 1095680K
  class space    used 7031K, capacity 7463K, committed 7552K, reserved 1048576K
}
Event: 42.884 GC heap before
{Heap before GC invocations=20 (full 2):
 PSYoungGen      total 128000K, used 128000K [0x00000000e0000000, 0x00000000ea980000, 0x0000000100000000)
  eden space 117760K, 100% used [0x00000000e0000000,0x00000000e7300000,0x00000000e7300000)
  from space 10240K, 100% used [0x00000000e7300000,0x00000000e7d00000,0x00000000e7d00000)
  to   space 15872K, 0% used [0x00000000e9a00000,0x00000000e9a00000,0x00000000ea980000)
 ParOldGen       total 45568K, used 35507K [0x00000000a0000000, 0x00000000a2c80000, 0x00000000e0000000)
  object space 45568K, 77% used [0x00000000a0000000,0x00000000a22acda8,0x00000000a2c80000)
 Metaspace       used 56229K, capacity 58654K, committed 58880K, reserved 1099776K
  class space    used 7611K, capacity 8116K, committed 8192K, reserved 1048576K
Event: 42.915 GC heap after
Heap after GC invocations=20 (full 2):
 PSYoungGen      total 151552K, used 9592K [0x00000000e0000000, 0x00000000ea680000, 0x0000000100000000)
  eden space 138752K, 0% used [0x00000000e0000000,0x00000000e0000000,0x00000000e8780000)
  from space 12800K, 74% used [0x00000000e9a00000,0x00000000ea35e2e8,0x00000000ea680000)
  to   space 15872K, 0% used [0x00000000e8780000,0x00000000e8780000,0x00000000e9700000)
 ParOldGen       total 46080K, used 45722K [0x00000000a0000000, 0x00000000a2d00000, 0x00000000e0000000)
  object space 46080K, 99% used [0x00000000a0000000,0x00000000a2ca6ad0,0x00000000a2d00000)
 Metaspace       used 56229K, capacity 58654K, committed 58880K, reserved 1099776K
  class space    used 7611K, capacity 8116K, committed 8192K, reserved 1048576K
}
Event: 42.915 GC heap before
{Heap before GC invocations=21 (full 3):
 PSYoungGen      total 151552K, used 9592K [0x00000000e0000000, 0x00000000ea680000, 0x0000000100000000)
  eden space 138752K, 0% used [0x00000000e0000000,0x00000000e0000000,0x00000000e8780000)
  from space 12800K, 74% used [0x00000000e9a00000,0x00000000ea35e2e8,0x00000000ea680000)
  to   space 15872K, 0% used [0x00000000e8780000,0x00000000e8780000,0x00000000e9700000)
 ParOldGen       total 46080K, used 45722K [0x00000000a0000000, 0x00000000a2d00000, 0x00000000e0000000)
  object space 46080K, 99% used [0x00000000a0000000,0x00000000a2ca6ad0,0x00000000a2d00000)
 Metaspace       used 56229K, capacity 58654K, committed 58880K, reserved 1099776K
  class space    used 7611K, capacity 8116K, committed 8192K, reserved 1048576K
Event: 43.438 GC heap after
Heap after GC invocations=21 (full 3):
 PSYoungGen      total 151552K, used 0K [0x00000000e0000000, 0x00000000ea680000, 0x0000000100000000)
  eden space 138752K, 0% used [0x00000000e0000000,0x00000000e0000000,0x00000000e8780000)
  from space 12800K, 0% used [0x00000000e9a00000,0x00000000e9a00000,0x00000000ea680000)
  to   space 15872K, 0% used [0x00000000e8780000,0x00000000e8780000,0x00000000e9700000)
 ParOldGen       total 93184K, used 45889K [0x00000000a0000000, 0x00000000a5b00000, 0x00000000e0000000)
  object space 93184K, 49% used [0x00000000a0000000,0x00000000a2cd0418,0x00000000a5b00000)
 Metaspace       used 56229K, capacity 58654K, committed 58880K, reserved 1099776K
  class space    used 7611K, capacity 8116K, committed 8192K, reserved 1048576K
}
Event: 3486.986 GC heap before
{Heap before GC invocations=22 (full 3):
 PSYoungGen      total 151552K, used 138752K [0x00000000e0000000, 0x00000000ea680000, 0x0000000100000000)
  eden space 138752K, 100% used [0x00000000e0000000,0x00000000e8780000,0x00000000e8780000)
  from space 12800K, 0% used [0x00000000e9a00000,0x00000000e9a00000,0x00000000ea680000)
  to   space 15872K, 0% used [0x00000000e8780000,0x00000000e8780000,0x00000000e9700000)
 ParOldGen       total 93184K, used 45889K [0x00000000a0000000, 0x00000000a5b00000, 0x00000000e0000000)
  object space 93184K, 49% used [0x00000000a0000000,0x00000000a2cd0418,0x00000000a5b00000)
 Metaspace       used 58249K, capacity 60746K, committed 60928K, reserved 1101824K
  class space    used 7846K, capacity 8368K, committed 8448K, reserved 1048576K
Event: 3487.089 GC heap after
Heap after GC invocations=22 (full 3):
 PSYoungGen      total 138752K, used 5025K [0x00000000e0000000, 0x00000000ea080000, 0x0000000100000000)
  eden space 133632K, 0% used [0x00000000e0000000,0x00000000e0000000,0x00000000e8280000)
  from space 5120K, 98% used [0x00000000e8780000,0x00000000e8c686a8,0x00000000e8c80000)
  to   space 15360K, 0% used [0x00000000e9180000,0x00000000e9180000,0x00000000ea080000)
 ParOldGen       total 93184K, used 45897K [0x00000000a0000000, 0x00000000a5b00000, 0x00000000e0000000)
  object space 93184K, 49% used [0x00000000a0000000,0x00000000a2cd2418,0x00000000a5b00000)
 Metaspace       used 58249K, capacity 60746K, committed 60928K, reserved 1101824K
  class space    used 7846K, capacity 8368K, committed 8448K, reserved 1048576K
}

