# JRE version: OpenJDK Runtime Environment (8.0_112-b06) (build 1.8.0_112-release-b06)
# Java VM: OpenJDK 64-Bit Server VM (25.112-b06 mixed mode windows-amd64 compressed oops)
Heap:
 PSYoungGen      total 130048K, used 26451K [0x00000000e0000000, 0x00000000eb800000, 0x0000000100000000)
  eden space 117248K, 11% used [0x00000000e0000000,0x00000000e0d55ce0,0x00000000e7280000)
  from space 12800K, 99% used [0x00000000e7280000,0x00000000e7efef20,0x00000000e7f00000)
  to   space 15872K, 0% used [0x00000000ea880000,0x00000000ea880000,0x00000000eb800000)
 ParOldGen       total 58880K, used 20763K [0x00000000a0000000, 0x00000000a3980000, 0x00000000e0000000)
  object space 58880K, 35% used [0x00000000a0000000,0x00000000a1446d78,0x00000000a3980000)
 Metaspace       used 46972K, capacity 48386K, committed 48512K, reserved 1091584K
  class space    used 6374K, capacity 6705K, committed 6784K, reserved 1048576K
GC Heap History (10 events):
Event: 8.222 GC heap before
{Heap before GC invocations=9 (full 1):
 PSYoungGen      total 73216K, used 72525K [0x00000000e0000000, 0x00000000e6f00000, 0x0000000100000000)
  eden space 64512K, 100% used [0x00000000e0000000,0x00000000e3f00000,0x00000000e3f00000)
  from space 8704K, 92% used [0x00000000e3f00000,0x00000000e46d3648,0x00000000e4780000)
  to   space 9728K, 0% used [0x00000000e6580000,0x00000000e6580000,0x00000000e6f00000)
 ParOldGen       total 38400K, used 9099K [0x00000000a0000000, 0x00000000a2580000, 0x00000000e0000000)
  object space 38400K, 23% used [0x00000000a0000000,0x00000000a08e2ed0,0x00000000a2580000)
 Metaspace       used 29744K, capacity 30352K, committed 30464K, reserved 1075200K
  class space    used 4057K, capacity 4242K, committed 4352K, reserved 1048576K
Event: 8.246 GC heap after
Heap after GC invocations=9 (full 1):
 PSYoungGen      total 103424K, used 7156K [0x00000000e0000000, 0x00000000e7100000, 0x0000000100000000)
  eden space 93696K, 0% used [0x00000000e0000000,0x00000000e0000000,0x00000000e5b80000)
  from space 9728K, 73% used [0x00000000e6580000,0x00000000e6c7d028,0x00000000e6f00000)
  to   space 10240K, 0% used [0x00000000e5b80000,0x00000000e5b80000,0x00000000e6580000)
 ParOldGen       total 38400K, used 9107K [0x00000000a0000000, 0x00000000a2580000, 0x00000000e0000000)
  object space 38400K, 23% used [0x00000000a0000000,0x00000000a08e4ed0,0x00000000a2580000)
 Metaspace       used 29744K, capacity 30352K, committed 30464K, reserved 1075200K
  class space    used 4057K, capacity 4242K, committed 4352K, reserved 1048576K
}
Event: 13.265 GC heap before
{Heap before GC invocations=10 (full 1):
 PSYoungGen      total 103424K, used 58592K [0x00000000e0000000, 0x00000000e7100000, 0x0000000100000000)
  eden space 93696K, 54% used [0x00000000e0000000,0x00000000e323b228,0x00000000e5b80000)
  from space 9728K, 73% used [0x00000000e6580000,0x00000000e6c7d028,0x00000000e6f00000)
  to   space 10240K, 0% used [0x00000000e5b80000,0x00000000e5b80000,0x00000000e6580000)
 ParOldGen       total 38400K, used 9107K [0x00000000a0000000, 0x00000000a2580000, 0x00000000e0000000)
  object space 38400K, 23% used [0x00000000a0000000,0x00000000a08e4ed0,0x00000000a2580000)
 Metaspace       used 34627K, capacity 35264K, committed 35456K, reserved 1079296K
  class space    used 4669K, capacity 4883K, committed 4992K, reserved 1048576K
Event: 13.285 GC heap after
Heap after GC invocations=10 (full 1):
 PSYoungGen      total 103936K, used 10216K [0x00000000e0000000, 0x00000000e8b00000, 0x0000000100000000)
  eden space 93696K, 0% used [0x00000000e0000000,0x00000000e0000000,0x00000000e5b80000)
  from space 10240K, 99% used [0x00000000e5b80000,0x00000000e657a240,0x00000000e6580000)
  to   space 12288K, 0% used [0x00000000e7f00000,0x00000000e7f00000,0x00000000e8b00000)
 ParOldGen       total 38400K, used 10088K [0x00000000a0000000, 0x00000000a2580000, 0x00000000e0000000)
  object space 38400K, 26% used [0x00000000a0000000,0x00000000a09da190,0x00000000a2580000)
 Metaspace       used 34627K, capacity 35264K, committed 35456K, reserved 1079296K
  class space    used 4669K, capacity 4883K, committed 4992K, reserved 1048576K
}
Event: 13.285 GC heap before
{Heap before GC invocations=11 (full 2):
 PSYoungGen      total 103936K, used 10216K [0x00000000e0000000, 0x00000000e8b00000, 0x0000000100000000)
  eden space 93696K, 0% used [0x00000000e0000000,0x00000000e0000000,0x00000000e5b80000)
  from space 10240K, 99% used [0x00000000e5b80000,0x00000000e657a240,0x00000000e6580000)
  to   space 12288K, 0% used [0x00000000e7f00000,0x00000000e7f00000,0x00000000e8b00000)
 ParOldGen       total 38400K, used 10088K [0x00000000a0000000, 0x00000000a2580000, 0x00000000e0000000)
  object space 38400K, 26% used [0x00000000a0000000,0x00000000a09da190,0x00000000a2580000)
 Metaspace       used 34627K, capacity 35264K, committed 35456K, reserved 1079296K
  class space    used 4669K, capacity 4883K, committed 4992K, reserved 1048576K
Event: 13.350 GC heap after
Heap after GC invocations=11 (full 2):
 PSYoungGen      total 103936K, used 0K [0x00000000e0000000, 0x00000000e8b00000, 0x0000000100000000)
  eden space 93696K, 0% used [0x00000000e0000000,0x00000000e0000000,0x00000000e5b80000)
  from space 10240K, 0% used [0x00000000e5b80000,0x00000000e5b80000,0x00000000e6580000)
  to   space 12288K, 0% used [0x00000000e7f00000,0x00000000e7f00000,0x00000000e8b00000)
 ParOldGen       total 58880K, used 17431K [0x00000000a0000000, 0x00000000a3980000, 0x00000000e0000000)
  object space 58880K, 29% used [0x00000000a0000000,0x00000000a1105f58,0x00000000a3980000)
 Metaspace       used 34627K, capacity 35264K, committed 35456K, reserved 1079296K
  class space    used 4669K, capacity 4883K, committed 4992K, reserved 1048576K
}
Event: 15.117 GC heap before
{Heap before GC invocations=12 (full 2):
 PSYoungGen      total 103936K, used 93696K [0x00000000e0000000, 0x00000000e8b00000, 0x0000000100000000)
  eden space 93696K, 100% used [0x00000000e0000000,0x00000000e5b80000,0x00000000e5b80000)
  from space 10240K, 0% used [0x00000000e5b80000,0x00000000e5b80000,0x00000000e6580000)
  to   space 12288K, 0% used [0x00000000e7f00000,0x00000000e7f00000,0x00000000e8b00000)
 ParOldGen       total 58880K, used 17431K [0x00000000a0000000, 0x00000000a3980000, 0x00000000e0000000)
  object space 58880K, 29% used [0x00000000a0000000,0x00000000a1105f58,0x00000000a3980000)
 Metaspace       used 42519K, capacity 43396K, committed 43648K, reserved 1087488K
  class space    used 5748K, capacity 6002K, committed 6016K, reserved 1048576K
Event: 15.142 GC heap after
Heap after GC invocations=12 (full 2):
 PSYoungGen      total 129536K, used 10149K [0x00000000e0000000, 0x00000000e9080000, 0x0000000100000000)
  eden space 117248K, 0% used [0x00000000e0000000,0x00000000e0000000,0x00000000e7280000)
  from space 12288K, 82% used [0x00000000e7f00000,0x00000000e88e97d0,0x00000000e8b00000)
  to   space 12800K, 0% used [0x00000000e7280000,0x00000000e7280000,0x00000000e7f00000)
 ParOldGen       total 58880K, used 17439K [0x00000000a0000000, 0x00000000a3980000, 0x00000000e0000000)
  object space 58880K, 29% used [0x00000000a0000000,0x00000000a1107f58,0x00000000a3980000)
 Metaspace       used 42519K, capacity 43396K, committed 43648K, reserved 1087488K
  class space    used 5748K, capacity 6002K, committed 6016K, reserved 1048576K
}
Event: 16.982 GC heap before
{Heap before GC invocations=13 (full 2):
 PSYoungGen      total 129536K, used 127397K [0x00000000e0000000, 0x00000000e9080000, 0x0000000100000000)
  eden space 117248K, 100% used [0x00000000e0000000,0x00000000e7280000,0x00000000e7280000)
  from space 12288K, 82% used [0x00000000e7f00000,0x00000000e88e97d0,0x00000000e8b00000)
  to   space 12800K, 0% used [0x00000000e7280000,0x00000000e7280000,0x00000000e7f00000)
 ParOldGen       total 58880K, used 17439K [0x00000000a0000000, 0x00000000a3980000, 0x00000000e0000000)
  object space 58880K, 29% used [0x00000000a0000000,0x00000000a1107f58,0x00000000a3980000)
 Metaspace       used 46464K, capacity 47726K, committed 47872K, reserved 1091584K
  class space    used 6297K, capacity 6573K, committed 6656K, reserved 1048576K
Event: 17.020 GC heap after
Heap after GC invocations=13 (full 2):
 PSYoungGen      total 130048K, used 12795K [0x00000000e0000000, 0x00000000eb800000, 0x0000000100000000)
  eden space 117248K, 0% used [0x00000000e0000000,0x00000000e0000000,0x00000000e7280000)
  from space 12800K, 99% used [0x00000000e7280000,0x00000000e7efef20,0x00000000e7f00000)
  to   space 15872K, 0% used [0x00000000ea880000,0x00000000ea880000,0x00000000eb800000)
 ParOldGen       total 58880K, used 20763K [0x00000000a0000000, 0x00000000a3980000, 0x00000000e0000000)
  object space 58880K, 35% used [0x00000000a0000000,0x00000000a1446d78,0x00000000a3980000)
 Metaspace       used 46464K, capacity 47726K, committed 47872K, reserved 1091584K
  class space    used 6297K, capacity 6573K, committed 6656K, reserved 1048576K
}

