# JRE version: OpenJDK Runtime Environment (8.0_112-b06) (build 1.8.0_112-release-b06)
# Java VM: OpenJDK 64-Bit Server VM (25.112-b06 mixed mode windows-amd64 compressed oops)
Heap:
 PSYoungGen      total 122880K, used 44407K [0x00000000e0000000, 0x00000000eae00000, 0x0000000100000000)
  eden space 109568K, 29% used [0x00000000e0000000,0x00000000e1f6bb48,0x00000000e6b00000)
  from space 13312K, 91% used [0x00000000e6b00000,0x00000000e76f2308,0x00000000e7800000)
  to   space 14848K, 0% used [0x00000000e9f80000,0x00000000e9f80000,0x00000000eae00000)
 ParOldGen       total 53760K, used 27944K [0x00000000a0000000, 0x00000000a3480000, 0x00000000e0000000)
  object space 53760K, 51% used [0x00000000a0000000,0x00000000a1b4a210,0x00000000a3480000)
 Metaspace       used 52207K, capacity 54100K, committed 54400K, reserved 1095680K
  class space    used 7038K, capacity 7448K, committed 7552K, reserved 1048576K
GC Heap History (10 events):
Event: 20.065 GC heap before
{Heap before GC invocations=13 (full 2):
 PSYoungGen      total 69120K, used 9386K [0x00000000e0000000, 0x00000000e6480000, 0x0000000100000000)
  eden space 59392K, 0% used [0x00000000e0000000,0x00000000e0000000,0x00000000e3a00000)
  from space 9728K, 96% used [0x00000000e3a00000,0x00000000e432a938,0x00000000e4380000)
  to   space 10752K, 0% used [0x00000000e5a00000,0x00000000e5a00000,0x00000000e6480000)
 ParOldGen       total 38912K, used 9590K [0x00000000a0000000, 0x00000000a2600000, 0x00000000e0000000)
  object space 38912K, 24% used [0x00000000a0000000,0x00000000a095d9c0,0x00000000a2600000)
 Metaspace       used 34618K, capacity 35258K, committed 35456K, reserved 1079296K
  class space    used 4665K, capacity 4882K, committed 4992K, reserved 1048576K
Event: 20.184 GC heap after
Heap after GC invocations=13 (full 2):
 PSYoungGen      total 69120K, used 0K [0x00000000e0000000, 0x00000000e6480000, 0x0000000100000000)
  eden space 59392K, 0% used [0x00000000e0000000,0x00000000e0000000,0x00000000e3a00000)
  from space 9728K, 0% used [0x00000000e3a00000,0x00000000e3a00000,0x00000000e4380000)
  to   space 10752K, 0% used [0x00000000e5a00000,0x00000000e5a00000,0x00000000e6480000)
 ParOldGen       total 53760K, used 15658K [0x00000000a0000000, 0x00000000a3480000, 0x00000000e0000000)
  object space 53760K, 29% used [0x00000000a0000000,0x00000000a0f4a988,0x00000000a3480000)
 Metaspace       used 34618K, capacity 35258K, committed 35456K, reserved 1079296K
  class space    used 4665K, capacity 4882K, committed 4992K, reserved 1048576K
}
Event: 21.101 GC heap before
{Heap before GC invocations=14 (full 2):
 PSYoungGen      total 69120K, used 59392K [0x00000000e0000000, 0x00000000e6480000, 0x0000000100000000)
  eden space 59392K, 100% used [0x00000000e0000000,0x00000000e3a00000,0x00000000e3a00000)
  from space 9728K, 0% used [0x00000000e3a00000,0x00000000e3a00000,0x00000000e4380000)
  to   space 10752K, 0% used [0x00000000e5a00000,0x00000000e5a00000,0x00000000e6480000)
 ParOldGen       total 53760K, used 15658K [0x00000000a0000000, 0x00000000a3480000, 0x00000000e0000000)
  object space 53760K, 29% used [0x00000000a0000000,0x00000000a0f4a988,0x00000000a3480000)
 Metaspace       used 37728K, capacity 38490K, committed 38912K, reserved 1083392K
  class space    used 5059K, capacity 5263K, committed 5376K, reserved 1048576K
Event: 21.116 GC heap after
Heap after GC invocations=14 (full 2):
 PSYoungGen      total 92160K, used 6382K [0x00000000e0000000, 0x00000000e6500000, 0x0000000100000000)
  eden space 81408K, 0% used [0x00000000e0000000,0x00000000e0000000,0x00000000e4f80000)
  from space 10752K, 59% used [0x00000000e5a00000,0x00000000e603bbd0,0x00000000e6480000)
  to   space 10752K, 0% used [0x00000000e4f80000,0x00000000e4f80000,0x00000000e5a00000)
 ParOldGen       total 53760K, used 15666K [0x00000000a0000000, 0x00000000a3480000, 0x00000000e0000000)
  object space 53760K, 29% used [0x00000000a0000000,0x00000000a0f4c988,0x00000000a3480000)
 Metaspace       used 37728K, capacity 38490K, committed 38912K, reserved 1083392K
  class space    used 5059K, capacity 5263K, committed 5376K, reserved 1048576K
}
Event: 22.701 GC heap before
{Heap before GC invocations=15 (full 2):
 PSYoungGen      total 92160K, used 87790K [0x00000000e0000000, 0x00000000e6500000, 0x0000000100000000)
  eden space 81408K, 100% used [0x00000000e0000000,0x00000000e4f80000,0x00000000e4f80000)
  from space 10752K, 59% used [0x00000000e5a00000,0x00000000e603bbd0,0x00000000e6480000)
  to   space 10752K, 0% used [0x00000000e4f80000,0x00000000e4f80000,0x00000000e5a00000)
 ParOldGen       total 53760K, used 15666K [0x00000000a0000000, 0x00000000a3480000, 0x00000000e0000000)
  object space 53760K, 29% used [0x00000000a0000000,0x00000000a0f4c988,0x00000000a3480000)
 Metaspace       used 43115K, capacity 44082K, committed 44288K, reserved 1087488K
  class space    used 5781K, capacity 6025K, committed 6144K, reserved 1048576K
Event: 22.717 GC heap after
Heap after GC invocations=15 (full 2):
 PSYoungGen      total 92160K, used 10684K [0x00000000e0000000, 0x00000000e8400000, 0x0000000100000000)
  eden space 81408K, 0% used [0x00000000e0000000,0x00000000e0000000,0x00000000e4f80000)
  from space 10752K, 99% used [0x00000000e4f80000,0x00000000e59ef160,0x00000000e5a00000)
  to   space 12288K, 0% used [0x00000000e7800000,0x00000000e7800000,0x00000000e8400000)
 ParOldGen       total 53760K, used 15674K [0x00000000a0000000, 0x00000000a3480000, 0x00000000e0000000)
  object space 53760K, 29% used [0x00000000a0000000,0x00000000a0f4e988,0x00000000a3480000)
 Metaspace       used 43115K, capacity 44082K, committed 44288K, reserved 1087488K
  class space    used 5781K, capacity 6025K, committed 6144K, reserved 1048576K
}
Event: 24.485 GC heap before
{Heap before GC invocations=16 (full 2):
 PSYoungGen      total 92160K, used 92092K [0x00000000e0000000, 0x00000000e8400000, 0x0000000100000000)
  eden space 81408K, 100% used [0x00000000e0000000,0x00000000e4f80000,0x00000000e4f80000)
  from space 10752K, 99% used [0x00000000e4f80000,0x00000000e59ef160,0x00000000e5a00000)
  to   space 12288K, 0% used [0x00000000e7800000,0x00000000e7800000,0x00000000e8400000)
 ParOldGen       total 53760K, used 15674K [0x00000000a0000000, 0x00000000a3480000, 0x00000000e0000000)
  object space 53760K, 29% used [0x00000000a0000000,0x00000000a0f4e988,0x00000000a3480000)
 Metaspace       used 47090K, capacity 48636K, committed 48768K, reserved 1091584K
  class space    used 6384K, capacity 6704K, committed 6784K, reserved 1048576K
Event: 24.521 GC heap after
Heap after GC invocations=16 (full 2):
 PSYoungGen      total 121856K, used 11071K [0x00000000e0000000, 0x00000000e8780000, 0x0000000100000000)
  eden space 109568K, 0% used [0x00000000e0000000,0x00000000e0000000,0x00000000e6b00000)
  from space 12288K, 90% used [0x00000000e7800000,0x00000000e82cfc50,0x00000000e8400000)
  to   space 13312K, 0% used [0x00000000e6b00000,0x00000000e6b00000,0x00000000e7800000)
 ParOldGen       total 53760K, used 20129K [0x00000000a0000000, 0x00000000a3480000, 0x00000000e0000000)
  object space 53760K, 37% used [0x00000000a0000000,0x00000000a13a8718,0x00000000a3480000)
 Metaspace       used 47090K, capacity 48636K, committed 48768K, reserved 1091584K
  class space    used 6384K, capacity 6704K, committed 6784K, reserved 1048576K
}
Event: 28.971 GC heap before
{Heap before GC invocations=17 (full 2):
 PSYoungGen      total 121856K, used 120639K [0x00000000e0000000, 0x00000000e8780000, 0x0000000100000000)
  eden space 109568K, 100% used [0x00000000e0000000,0x00000000e6b00000,0x00000000e6b00000)
  from space 12288K, 90% used [0x00000000e7800000,0x00000000e82cfc50,0x00000000e8400000)
  to   space 13312K, 0% used [0x00000000e6b00000,0x00000000e6b00000,0x00000000e7800000)
 ParOldGen       total 53760K, used 20129K [0x00000000a0000000, 0x00000000a3480000, 0x00000000e0000000)
  object space 53760K, 37% used [0x00000000a0000000,0x00000000a13a8718,0x00000000a3480000)
 Metaspace       used 50027K, capacity 51768K, committed 51840K, reserved 1093632K
  class space    used 6846K, capacity 7230K, committed 7296K, reserved 1048576K
Event: 29.005 GC heap after
Heap after GC invocations=17 (full 2):
 PSYoungGen      total 122880K, used 12232K [0x00000000e0000000, 0x00000000eae00000, 0x0000000100000000)
  eden space 109568K, 0% used [0x00000000e0000000,0x00000000e0000000,0x00000000e6b00000)
  from space 13312K, 91% used [0x00000000e6b00000,0x00000000e76f2308,0x00000000e7800000)
  to   space 14848K, 0% used [0x00000000e9f80000,0x00000000e9f80000,0x00000000eae00000)
 ParOldGen       total 53760K, used 27944K [0x00000000a0000000, 0x00000000a3480000, 0x00000000e0000000)
  object space 53760K, 51% used [0x00000000a0000000,0x00000000a1b4a210,0x00000000a3480000)
 Metaspace       used 50027K, capacity 51768K, committed 51840K, reserved 1093632K
  class space    used 6846K, capacity 7230K, committed 7296K, reserved 1048576K
}

